<?xml version="1.0" encoding="UTF-8"?>
<!-- Generated by org.testng.reporters.JUnitXMLReporter -->
<testsuite hostname="DESKTOP-1AGNC2D" ignored="1" name="Cancel Test" tests="3" failures="0" timestamp="22 Sep 2021 12:56:33 GMT" time="0.012" errors="0">
  <testcase name="logintest" time="0.001" classname="testngconcepts.Grouptest"/>
  <testcase name="bookingtest" time="0.001" classname="testngconcepts.Grouptest"/>
  <testcase name="canceltest" time="0.002" classname="testngconcepts.Grouptest"/>
  <testcase name="regtest" time="0.0" classname="testngconcepts.Grouptest">
    <ignored/>
  </testcase> <!-- regtest -->
</testsuite> <!-- Cancel Test -->
