<?xml version="1.0" encoding="UTF-8"?>
<!-- Generated by org.testng.reporters.JUnitXMLReporter -->
<testsuite hostname="DESKTOP-1AGNC2D" ignored="0" name="Test" tests="4" failures="0" timestamp="22 Sep 2021 14:18:00 GMT" time="0.078" errors="0">
  <testcase name="Registration" time="0.017" classname="groupingtest.Groupingtest"/>
  <testcase name="Booktickets" time="0.003" classname="groupingtest.Groupingtest"/>
  <testcase name="Canceltickets" time="0.002" classname="groupingtest.Groupingtest"/>
  <testcase name="EditRegistration" time="0.003" classname="groupingtest.Groupingtest"/>
</testsuite> <!-- Test -->
