<?xml version="1.0" encoding="UTF-8"?>
<testng-results skipped="0" failed="1" ignored="0" total="2" passed="1">
  <reporter-output>
  </reporter-output>
  <suite name="Suite" duration-ms="35727" started-at="2021-09-22T14:36:32Z" finished-at="2021-09-22T14:37:07Z">
    <groups>
    </groups>
    <test name="Chrome Test" duration-ms="25261" started-at="2021-09-22T14:36:32Z" finished-at="2021-09-22T14:36:57Z">
      <class name="paralleltesting.ParallelExecutionTest">
        <test-method status="PASS" signature="setup(java.lang.String)[pri:0, instance:paralleltesting.ParallelExecutionTest@6cc4c815]" name="setup" is-config="true" duration-ms="6112" started-at="2021-09-22T14:36:32Z" finished-at="2021-09-22T14:36:38Z">
          <params>
            <param index="0">
              <value>
                <![CDATA[chrome]]>
              </value>
            </param>
          </params>
          <reporter-output>
          </reporter-output>
        </test-method> <!-- setup -->
        <test-method status="PASS" signature="navigatetest()[pri:0, instance:paralleltesting.ParallelExecutionTest@6cc4c815]" name="navigatetest" duration-ms="19100" started-at="2021-09-22T14:36:38Z" finished-at="2021-09-22T14:36:57Z">
          <reporter-output>
          </reporter-output>
        </test-method> <!-- navigatetest -->
      </class> <!-- paralleltesting.ParallelExecutionTest -->
    </test> <!-- Chrome Test -->
    <test name="Edge Test" duration-ms="35727" started-at="2021-09-22T14:36:32Z" finished-at="2021-09-22T14:37:07Z">
      <class name="paralleltesting.ParallelExecutionTest">
        <test-method status="PASS" signature="setup(java.lang.String)[pri:0, instance:paralleltesting.ParallelExecutionTest@29ee9faa]" name="setup" is-config="true" duration-ms="6108" started-at="2021-09-22T14:36:32Z" finished-at="2021-09-22T14:36:38Z">
          <params>
            <param index="0">
              <value>
                <![CDATA[edge]]>
              </value>
            </param>
          </params>
          <reporter-output>
          </reporter-output>
        </test-method> <!-- setup -->
        <test-method status="FAIL" signature="navigatetest()[pri:0, instance:paralleltesting.ParallelExecutionTest@29ee9faa]" name="navigatetest" duration-ms="29580" started-at="2021-09-22T14:36:38Z" finished-at="2021-09-22T14:37:07Z">
          <exception class="org.openqa.selenium.WebDriverException">
            <message>
              <![CDATA[chrome not reachable
  (Session info: MicrosoftEdge=93.0.961.52)
Build info: version: '3.141.59', revision: 'e82be7d358', time: '2018-11-14T08:25:53'
System info: host: 'DESKTOP-1AGNC2D', ip: '192.168.1.104', os.name: 'Windows 10', os.arch: 'amd64', os.version: '10.0', java.version: '1.8.0_171'
Driver info: org.openqa.selenium.edge.EdgeDriver
Capabilities {acceptInsecureCerts: false, browserName: msedge, browserVersion: 93.0.961.52, javascriptEnabled: true, ms:edgeOptions: {debuggerAddress: localhost:54709}, msedge: {msedgedriverVersion: 92.0.902.84 (c04f45e8f08ccf..., userDataDir: C:\Users\SATHIS~1\AppData\L...}, networkConnectionEnabled: false, pageLoadStrategy: normal, platform: WINDOWS, platformName: WINDOWS, proxy: Proxy(), setWindowRect: true, strictFileInteractability: false, timeouts: {implicit: 0, pageLoad: 300000, script: 30000}, unhandledPromptBehavior: dismiss and notify, webauthn:extension:credBlob: true, webauthn:extension:largeBlob: true, webauthn:virtualAuthenticators: true}
Session ID: 00a231217296a939cf733c335575e7d5]]>
            </message>
            <full-stacktrace>
              <![CDATA[org.openqa.selenium.WebDriverException: chrome not reachable
  (Session info: MicrosoftEdge=93.0.961.52)
Build info: version: '3.141.59', revision: 'e82be7d358', time: '2018-11-14T08:25:53'
System info: host: 'DESKTOP-1AGNC2D', ip: '192.168.1.104', os.name: 'Windows 10', os.arch: 'amd64', os.version: '10.0', java.version: '1.8.0_171'
Driver info: org.openqa.selenium.edge.EdgeDriver
Capabilities {acceptInsecureCerts: false, browserName: msedge, browserVersion: 93.0.961.52, javascriptEnabled: true, ms:edgeOptions: {debuggerAddress: localhost:54709}, msedge: {msedgedriverVersion: 92.0.902.84 (c04f45e8f08ccf..., userDataDir: C:\Users\SATHIS~1\AppData\L...}, networkConnectionEnabled: false, pageLoadStrategy: normal, platform: WINDOWS, platformName: WINDOWS, proxy: Proxy(), setWindowRect: true, strictFileInteractability: false, timeouts: {implicit: 0, pageLoad: 300000, script: 30000}, unhandledPromptBehavior: dismiss and notify, webauthn:extension:credBlob: true, webauthn:extension:largeBlob: true, webauthn:virtualAuthenticators: true}
Session ID: 00a231217296a939cf733c335575e7d5
at sun.reflect.NativeConstructorAccessorImpl.newInstance0(Native Method)
at sun.reflect.NativeConstructorAccessorImpl.newInstance(Unknown Source)
at sun.reflect.DelegatingConstructorAccessorImpl.newInstance(Unknown Source)
at java.lang.reflect.Constructor.newInstance(Unknown Source)
at org.openqa.selenium.remote.http.W3CHttpResponseCodec.createException(W3CHttpResponseCodec.java:187)
at org.openqa.selenium.remote.http.W3CHttpResponseCodec.decode(W3CHttpResponseCodec.java:122)
at org.openqa.selenium.remote.http.W3CHttpResponseCodec.decode(W3CHttpResponseCodec.java:49)
at org.openqa.selenium.remote.HttpCommandExecutor.execute(HttpCommandExecutor.java:158)
at org.openqa.selenium.remote.service.DriverCommandExecutor.execute(DriverCommandExecutor.java:83)
at org.openqa.selenium.remote.RemoteWebDriver.execute(RemoteWebDriver.java:552)
at org.openqa.selenium.remote.RemoteWebDriver.execute(RemoteWebDriver.java:609)
at org.openqa.selenium.remote.RemoteWebDriver$RemoteNavigation.refresh(RemoteWebDriver.java:865)
at paralleltesting.ParallelExecutionTest.navigatetest(ParallelExecutionTest.java:47)
at sun.reflect.NativeMethodAccessorImpl.invoke0(Native Method)
at sun.reflect.NativeMethodAccessorImpl.invoke(Unknown Source)
at sun.reflect.DelegatingMethodAccessorImpl.invoke(Unknown Source)
at java.lang.reflect.Method.invoke(Unknown Source)
at org.testng.internal.MethodInvocationHelper.invokeMethod(MethodInvocationHelper.java:124)
at org.testng.internal.Invoker.invokeMethod(Invoker.java:583)
at org.testng.internal.Invoker.invokeTestMethod(Invoker.java:719)
at org.testng.internal.Invoker.invokeTestMethods(Invoker.java:989)
at org.testng.internal.TestMethodWorker.invokeTestMethods(TestMethodWorker.java:125)
at org.testng.internal.TestMethodWorker.run(TestMethodWorker.java:109)
at org.testng.TestRunner.privateRun(TestRunner.java:648)
at org.testng.TestRunner.run(TestRunner.java:505)
at org.testng.SuiteRunner.runTest(SuiteRunner.java:455)
at org.testng.SuiteRunner.access$000(SuiteRunner.java:40)
at org.testng.SuiteRunner$SuiteWorker.run(SuiteRunner.java:489)
at org.testng.internal.thread.ThreadUtil$1.call(ThreadUtil.java:52)
at java.util.concurrent.FutureTask.run(Unknown Source)
at java.util.concurrent.ThreadPoolExecutor.runWorker(Unknown Source)
at java.util.concurrent.ThreadPoolExecutor$Worker.run(Unknown Source)
at java.lang.Thread.run(Unknown Source)
]]>
            </full-stacktrace>
          </exception> <!-- org.openqa.selenium.WebDriverException -->
          <reporter-output>
          </reporter-output>
        </test-method> <!-- navigatetest -->
      </class> <!-- paralleltesting.ParallelExecutionTest -->
    </test> <!-- Edge Test -->
  </suite> <!-- Suite -->
</testng-results>
